<?xml version="1.0" encoding="UTF-8"?>
<testng-results ignored="0" total="1" passed="1" failed="0" skipped="0">
  <reporter-output>
  </reporter-output>
  <suite started-at="2024-04-22T00:59:50 IST" name="Default suite" finished-at="2024-04-22T00:59:53 IST" duration-ms="3373">
    <groups>
    </groups>
    <test started-at="2024-04-22T00:59:50 IST" name="Default test" finished-at="2024-04-22T00:59:53 IST" duration-ms="3373">
      <class name="testcases.currencyConverter">
        <test-method signature="getCurrencyRates()[pri:0, instance:testcases.currencyConverter@73e9cf30]" started-at="2024-04-22T00:59:50 IST" name="getCurrencyRates" finished-at="2024-04-22T00:59:53 IST" duration-ms="3335" status="PASS">
          <reporter-output>
          </reporter-output>
        </test-method> <!-- getCurrencyRates -->
      </class> <!-- testcases.currencyConverter -->
    </test> <!-- Default test -->
  </suite> <!-- Default suite -->
</testng-results>
